Tue Aug 07 13:32:55 NZST 2018:ERROR:org.codehaus.groovy.control.MultipleCompilationErrorsException: startup failed:
Script1.groovy: 15: expecting EOF, found ':' @ line 15, column 79.
   seRunner#").getTestCase()https://www.goo
                                 ^
org.codehaus.groovy.syntax.SyntaxException: expecting EOF, found ':' @ line 15, column 79.
	at org.codehaus.groovy.antlr.AntlrParserPlugin.transformCSTIntoAST(AntlrParserPlugin.java:143)
	at org.codehaus.groovy.antlr.AntlrParserPlugin.parseCST(AntlrParserPlugin.java:111)
	at org.codehaus.groovy.control.SourceUnit.parse(SourceUnit.java:237)
	at org.codehaus.groovy.control.CompilationUnit$1.call(CompilationUnit.java:167)
	at org.codehaus.groovy.control.CompilationUnit.applyToSourceUnits(CompilationUnit.java:931)
	at org.codehaus.groovy.control.CompilationUnit.doPhaseOperation(CompilationUnit.java:593)
	at org.codehaus.groovy.control.CompilationUnit.processPhaseOperations(CompilationUnit.java:569)
	at org.codehaus.groovy.control.CompilationUnit.compile(CompilationUnit.java:546)
	at groovy.lang.GroovyClassLoader.doParseClass(GroovyClassLoader.java:298)
	at groovy.lang.GroovyClassLoader.parseClass(GroovyClassLoader.java:268)
	at groovy.lang.GroovyShell.parseClass(GroovyShell.java:694)
	at groovy.lang.GroovyShell.parse(GroovyShell.java:706)
	at groovy.lang.GroovyShell.parse(GroovyShell.java:742)
	at groovy.lang.GroovyShell.parse(GroovyShell.java:733)
	at com.eviware.soapui.support.scripting.groovy.SoapUIGroovyScriptEngine.compile(SoapUIGroovyScriptEngine.java:136)
	at com.eviware.soapui.impl.wsdl.teststeps.WsdlGroovyScriptTestStep.<init>(WsdlGroovyScriptTestStep.java:89)
	at com.eviware.soapui.impl.wsdl.teststeps.registry.GroovyScriptStepFactory.buildTestStep(GroovyScriptStepFactory.java:38)
	at com.eviware.soapui.impl.wsdl.testcase.WsdlTestCase.createTestStepFromConfig(WsdlTestCase.java:296)
	at com.eviware.soapui.impl.wsdl.testcase.WsdlTestCase.<init>(WsdlTestCase.java:121)
	at com.eviware.soapui.impl.wsdl.WsdlTestSuite.buildTestCase(WsdlTestSuite.java:107)
	at com.eviware.soapui.impl.wsdl.teststeps.WsdlRunTestCaseTestStep.createTestCase(WsdlRunTestCaseTestStep.java:381)
	at com.eviware.soapui.impl.wsdl.teststeps.WsdlRunTestCaseTestStep.run(WsdlRunTestCaseTestStep.java:151)
	at com.eviware.soapui.impl.wsdl.support.AbstractTestCaseRunner.runTestStep(AbstractTestCaseRunner.java:211)
	at com.eviware.soapui.impl.wsdl.testcase.WsdlTestCaseRunner.runCurrentTestStep(WsdlTestCaseRunner.java:47)
	at com.eviware.soapui.impl.wsdl.support.AbstractTestCaseRunner.internalRun(AbstractTestCaseRunner.java:138)
	at com.eviware.soapui.impl.wsdl.support.AbstractTestCaseRunner.internalRun(AbstractTestCaseRunner.java:46)
	at com.eviware.soapui.impl.wsdl.support.AbstractTestRunner.run(AbstractTestRunner.java:128)
	at java.util.concurrent.Executors$RunnableAdapter.call(Unknown Source)
	at java.util.concurrent.FutureTask.run(Unknown Source)
	at java.util.concurrent.ThreadPoolExecutor.runWorker(Unknown Source)
	at java.util.concurrent.ThreadPoolExecutor$Worker.run(Unknown Source)
	at java.lang.Thread.run(Unknown Source)
Caused by: Script1.groovy:15:79: expecting EOF, found ':'
	at groovyjarjarantlr.Parser.match(Parser.java:211)
	at org.codehaus.groovy.antlr.parser.GroovyRecognizer.compilationUnit(GroovyRecognizer.java:783)
	at org.codehaus.groovy.antlr.AntlrParserPlugin.transformCSTIntoAST(AntlrParserPlugin.java:134)
	... 31 more

1 error

   org.codehaus.groovy.control.MultipleCompilationErrorsException: startup failed:
   Script1.groovy: 15: expecting EOF, found ':' @ line 15, column 79.
      seRunner#").getTestCase()https://www.goo
                                    ^
   org.codehaus.groovy.syntax.SyntaxException: expecting EOF, found ':' @ line 15, column 79.
   	at org.codehaus.groovy.antlr.AntlrParserPlugin.transformCSTIntoAST(AntlrParserPlugin.java:143)
   	at org.codehaus.groovy.antlr.AntlrParserPlugin.parseCST(AntlrParserPlugin.java:111)
   	at org.codehaus.groovy.control.SourceUnit.parse(SourceUnit.java:237)
   	at org.codehaus.groovy.control.CompilationUnit$1.call(CompilationUnit.java:167)
   	at org.codehaus.groovy.control.CompilationUnit.applyToSourceUnits(CompilationUnit.java:931)
   	at org.codehaus.groovy.control.CompilationUnit.doPhaseOperation(CompilationUnit.java:593)
   	at org.codehaus.groovy.control.CompilationUnit.processPhaseOperations(CompilationUnit.java:569)
   	at org.codehaus.groovy.control.CompilationUnit.compile(CompilationUnit.java:546)
   	at groovy.lang.GroovyClassLoader.doParseClass(GroovyClassLoader.java:298)
   	at groovy.lang.GroovyClassLoader.parseClass(GroovyClassLoader.java:268)
   	at groovy.lang.GroovyShell.parseClass(GroovyShell.java:694)
   	at groovy.lang.GroovyShell.parse(GroovyShell.java:706)
   	at groovy.lang.GroovyShell.parse(GroovyShell.java:742)
   	at groovy.lang.GroovyShell.parse(GroovyShell.java:733)
   	at com.eviware.soapui.support.scripting.groovy.SoapUIGroovyScriptEngine.compile(SoapUIGroovyScriptEngine.java:136)
   	at com.eviware.soapui.impl.wsdl.teststeps.WsdlGroovyScriptTestStep.<init>(WsdlGroovyScriptTestStep.java:89)
   	at com.eviware.soapui.impl.wsdl.teststeps.registry.GroovyScriptStepFactory.buildTestStep(GroovyScriptStepFactory.java:38)
   	at com.eviware.soapui.impl.wsdl.testcase.WsdlTestCase.createTestStepFromConfig(WsdlTestCase.java:296)
   	at com.eviware.soapui.impl.wsdl.testcase.WsdlTestCase.<init>(WsdlTestCase.java:121)
   	at com.eviware.soapui.impl.wsdl.WsdlTestSuite.buildTestCase(WsdlTestSuite.java:107)
   	at com.eviware.soapui.impl.wsdl.teststeps.WsdlRunTestCaseTestStep.createTestCase(WsdlRunTestCaseTestStep.java:381)
   	at com.eviware.soapui.impl.wsdl.teststeps.WsdlRunTestCaseTestStep.run(WsdlRunTestCaseTestStep.java:151)
   	at com.eviware.soapui.impl.wsdl.support.AbstractTestCaseRunner.runTestStep(AbstractTestCaseRunner.java:211)
   	at com.eviware.soapui.impl.wsdl.testcase.WsdlTestCaseRunner.runCurrentTestStep(WsdlTestCaseRunner.java:47)
   	at com.eviware.soapui.impl.wsdl.support.AbstractTestCaseRunner.internalRun(AbstractTestCaseRunner.java:138)
   	at com.eviware.soapui.impl.wsdl.support.AbstractTestCaseRunner.internalRun(AbstractTestCaseRunner.java:46)
   	at com.eviware.soapui.impl.wsdl.support.AbstractTestRunner.run(AbstractTestRunner.java:128)
   	at java.util.concurrent.Executors$RunnableAdapter.call(Unknown Source)
   	at java.util.concurrent.FutureTask.run(Unknown Source)
   	at java.util.concurrent.ThreadPoolExecutor.runWorker(Unknown Source)
   	at java.util.concurrent.ThreadPoolExecutor$Worker.run(Unknown Source)
   	at java.lang.Thread.run(Unknown Source)
   Caused by: Script1.groovy:15:79: expecting EOF, found ':'
   	at groovyjarjarantlr.Parser.match(Parser.java:211)
   	at org.codehaus.groovy.antlr.parser.GroovyRecognizer.compilationUnit(GroovyRecognizer.java:783)
   	at org.codehaus.groovy.antlr.AntlrParserPlugin.transformCSTIntoAST(AntlrParserPlugin.java:134)
   	... 31 more
   1 error
   	at org.codehaus.groovy.control.ErrorCollector.failIfErrors(ErrorCollector.java:310)
   	at org.codehaus.groovy.control.ErrorCollector.addFatalError(ErrorCollector.java:150)
   	at org.codehaus.groovy.control.ErrorCollector.addError(ErrorCollector.java:120)
   	at org.codehaus.groovy.control.ErrorCollector.addError(ErrorCollector.java:132)
   	at org.codehaus.groovy.control.SourceUnit.addError(SourceUnit.java:360)
   	at org.codehaus.groovy.antlr.AntlrParserPlugin.transformCSTIntoAST(AntlrParserPlugin.java:145)
   	at org.codehaus.groovy.antlr.AntlrParserPlugin.parseCST(AntlrParserPlugin.java:111)
   	at org.codehaus.groovy.control.SourceUnit.parse(SourceUnit.java:237)
   	at org.codehaus.groovy.control.CompilationUnit$1.call(CompilationUnit.java:167)
   	at org.codehaus.groovy.control.CompilationUnit.applyToSourceUnits(CompilationUnit.java:931)
   	at org.codehaus.groovy.control.CompilationUnit.doPhaseOperation(CompilationUnit.java:593)
   	at org.codehaus.groovy.control.CompilationUnit.processPhaseOperations(CompilationUnit.java:569)
   	at org.codehaus.groovy.control.CompilationUnit.compile(CompilationUnit.java:546)
   	at groovy.lang.GroovyClassLoader.doParseClass(GroovyClassLoader.java:298)
   	at groovy.lang.GroovyClassLoader.parseClass(GroovyClassLoader.java:268)
   	at groovy.lang.GroovyShell.parseClass(GroovyShell.java:694)
   	at groovy.lang.GroovyShell.parse(GroovyShell.java:706)
   	at groovy.lang.GroovyShell.parse(GroovyShell.java:742)
   	at groovy.lang.GroovyShell.parse(GroovyShell.java:733)
   	at com.eviware.soapui.support.scripting.groovy.SoapUIGroovyScriptEngine.compile(SoapUIGroovyScriptEngine.java:136)
   	at com.eviware.soapui.impl.wsdl.teststeps.WsdlGroovyScriptTestStep.<init>(WsdlGroovyScriptTestStep.java:89)
   	at com.eviware.soapui.impl.wsdl.teststeps.registry.GroovyScriptStepFactory.buildTestStep(GroovyScriptStepFactory.java:38)
   	at com.eviware.soapui.impl.wsdl.testcase.WsdlTestCase.createTestStepFromConfig(WsdlTestCase.java:296)
   	at com.eviware.soapui.impl.wsdl.testcase.WsdlTestCase.<init>(WsdlTestCase.java:121)
   	at com.eviware.soapui.impl.wsdl.WsdlTestSuite.buildTestCase(WsdlTestSuite.java:107)
   	at com.eviware.soapui.impl.wsdl.teststeps.WsdlRunTestCaseTestStep.createTestCase(WsdlRunTestCaseTestStep.java:381)
   	at com.eviware.soapui.impl.wsdl.teststeps.WsdlRunTestCaseTestStep.run(WsdlRunTestCaseTestStep.java:151)
   	at com.eviware.soapui.impl.wsdl.support.AbstractTestCaseRunner.runTestStep(AbstractTestCaseRunner.java:211)
   	at com.eviware.soapui.impl.wsdl.testcase.WsdlTestCaseRunner.runCurrentTestStep(WsdlTestCaseRunner.java:47)
   	at com.eviware.soapui.impl.wsdl.support.AbstractTestCaseRunner.internalRun(AbstractTestCaseRunner.java:138)
   	at com.eviware.soapui.impl.wsdl.support.AbstractTestCaseRunner.internalRun(AbstractTestCaseRunner.java:46)
   	at com.eviware.soapui.impl.wsdl.support.AbstractTestRunner.run(AbstractTestRunner.java:128)
   	at java.util.concurrent.Executors$RunnableAdapter.call(Unknown Source)
   	at java.util.concurrent.FutureTask.run(Unknown Source)
   	at java.util.concurrent.ThreadPoolExecutor.runWorker(Unknown Source)
   	at java.util.concurrent.ThreadPoolExecutor$Worker.run(Unknown Source)
   	at java.lang.Thread.run(Unknown Source)
Tue Aug 07 13:32:55 NZST 2018:ERROR:cannot get error line number!
Tue Aug 07 13:32:55 NZST 2018:ERROR:java.lang.IllegalStateException: No match found
   java.lang.IllegalStateException: No match found
   	at java.util.regex.Matcher.group(Unknown Source)
   	at com.eviware.soapui.support.GroovyUtils.extractErrorLineNumber(GroovyUtils.java:128)
   	at com.eviware.soapui.impl.wsdl.teststeps.WsdlGroovyScriptTestStep.run(WsdlGroovyScriptTestStep.java:163)
   	at com.eviware.soapui.impl.wsdl.support.AbstractTestCaseRunner.runTestStep(AbstractTestCaseRunner.java:211)
   	at com.eviware.soapui.impl.wsdl.testcase.WsdlTestCaseRunner.runCurrentTestStep(WsdlTestCaseRunner.java:47)
   	at com.eviware.soapui.impl.wsdl.support.AbstractTestCaseRunner.internalRun(AbstractTestCaseRunner.java:138)
   	at com.eviware.soapui.impl.wsdl.support.AbstractTestCaseRunner.internalRun(AbstractTestCaseRunner.java:46)
   	at com.eviware.soapui.impl.wsdl.support.AbstractTestRunner.run(AbstractTestRunner.java:128)
   	at java.util.concurrent.Executors$RunnableAdapter.call(Unknown Source)
   	at java.util.concurrent.FutureTask.run(Unknown Source)
   	at java.util.concurrent.ThreadPoolExecutor.runWorker(Unknown Source)
   	at java.util.concurrent.ThreadPoolExecutor$Worker.run(Unknown Source)
   	at java.lang.Thread.run(Unknown Source)
Tue Aug 07 13:32:55 NZST 2018:ERROR:org.codehaus.groovy.control.MultipleCompilationErrorsException: startup failed:
Script2.groovy: 15: expecting EOF, found ':' @ line 15, column 79.
   seRunner#").getTestCase()https://www.goo
                                 ^
org.codehaus.groovy.syntax.SyntaxException: expecting EOF, found ':' @ line 15, column 79.
	at org.codehaus.groovy.antlr.AntlrParserPlugin.transformCSTIntoAST(AntlrParserPlugin.java:143)
	at org.codehaus.groovy.antlr.AntlrParserPlugin.parseCST(AntlrParserPlugin.java:111)
	at org.codehaus.groovy.control.SourceUnit.parse(SourceUnit.java:237)
	at org.codehaus.groovy.control.CompilationUnit$1.call(CompilationUnit.java:167)
	at org.codehaus.groovy.control.CompilationUnit.applyToSourceUnits(CompilationUnit.java:931)
	at org.codehaus.groovy.control.CompilationUnit.doPhaseOperation(CompilationUnit.java:593)
	at org.codehaus.groovy.control.CompilationUnit.processPhaseOperations(CompilationUnit.java:569)
	at org.codehaus.groovy.control.CompilationUnit.compile(CompilationUnit.java:546)
	at groovy.lang.GroovyClassLoader.doParseClass(GroovyClassLoader.java:298)
	at groovy.lang.GroovyClassLoader.parseClass(GroovyClassLoader.java:268)
	at groovy.lang.GroovyShell.parseClass(GroovyShell.java:694)
	at groovy.lang.GroovyShell.parse(GroovyShell.java:706)
	at groovy.lang.GroovyShell.parse(GroovyShell.java:742)
	at groovy.lang.GroovyShell.parse(GroovyShell.java:733)
	at com.eviware.soapui.support.scripting.groovy.SoapUIGroovyScriptEngine.compile(SoapUIGroovyScriptEngine.java:136)
	at com.eviware.soapui.support.scripting.groovy.SoapUIGroovyScriptEngine.run(SoapUIGroovyScriptEngine.java:87)
	at com.eviware.soapui.impl.wsdl.teststeps.WsdlGroovyScriptTestStep.run(WsdlGroovyScriptTestStep.java:141)
	at com.eviware.soapui.impl.wsdl.support.AbstractTestCaseRunner.runTestStep(AbstractTestCaseRunner.java:211)
	at com.eviware.soapui.impl.wsdl.testcase.WsdlTestCaseRunner.runCurrentTestStep(WsdlTestCaseRunner.java:47)
	at com.eviware.soapui.impl.wsdl.support.AbstractTestCaseRunner.internalRun(AbstractTestCaseRunner.java:138)
	at com.eviware.soapui.impl.wsdl.support.AbstractTestCaseRunner.internalRun(AbstractTestCaseRunner.java:46)
	at com.eviware.soapui.impl.wsdl.support.AbstractTestRunner.run(AbstractTestRunner.java:128)
	at java.util.concurrent.Executors$RunnableAdapter.call(Unknown Source)
	at java.util.concurrent.FutureTask.run(Unknown Source)
	at java.util.concurrent.ThreadPoolExecutor.runWorker(Unknown Source)
	at java.util.concurrent.ThreadPoolExecutor$Worker.run(Unknown Source)
	at java.lang.Thread.run(Unknown Source)
Caused by: Script2.groovy:15:79: expecting EOF, found ':'
	at groovyjarjarantlr.Parser.match(Parser.java:211)
	at org.codehaus.groovy.antlr.parser.GroovyRecognizer.compilationUnit(GroovyRecognizer.java:783)
	at org.codehaus.groovy.antlr.AntlrParserPlugin.transformCSTIntoAST(AntlrParserPlugin.java:134)
	... 26 more

1 error

   org.codehaus.groovy.control.MultipleCompilationErrorsException: startup failed:
   Script2.groovy: 15: expecting EOF, found ':' @ line 15, column 79.
      seRunner#").getTestCase()https://www.goo
                                    ^
   org.codehaus.groovy.syntax.SyntaxException: expecting EOF, found ':' @ line 15, column 79.
   	at org.codehaus.groovy.antlr.AntlrParserPlugin.transformCSTIntoAST(AntlrParserPlugin.java:143)
   	at org.codehaus.groovy.antlr.AntlrParserPlugin.parseCST(AntlrParserPlugin.java:111)
   	at org.codehaus.groovy.control.SourceUnit.parse(SourceUnit.java:237)
   	at org.codehaus.groovy.control.CompilationUnit$1.call(CompilationUnit.java:167)
   	at org.codehaus.groovy.control.CompilationUnit.applyToSourceUnits(CompilationUnit.java:931)
   	at org.codehaus.groovy.control.CompilationUnit.doPhaseOperation(CompilationUnit.java:593)
   	at org.codehaus.groovy.control.CompilationUnit.processPhaseOperations(CompilationUnit.java:569)
   	at org.codehaus.groovy.control.CompilationUnit.compile(CompilationUnit.java:546)
   	at groovy.lang.GroovyClassLoader.doParseClass(GroovyClassLoader.java:298)
   	at groovy.lang.GroovyClassLoader.parseClass(GroovyClassLoader.java:268)
   	at groovy.lang.GroovyShell.parseClass(GroovyShell.java:694)
   	at groovy.lang.GroovyShell.parse(GroovyShell.java:706)
   	at groovy.lang.GroovyShell.parse(GroovyShell.java:742)
   	at groovy.lang.GroovyShell.parse(GroovyShell.java:733)
   	at com.eviware.soapui.support.scripting.groovy.SoapUIGroovyScriptEngine.compile(SoapUIGroovyScriptEngine.java:136)
   	at com.eviware.soapui.support.scripting.groovy.SoapUIGroovyScriptEngine.run(SoapUIGroovyScriptEngine.java:87)
   	at com.eviware.soapui.impl.wsdl.teststeps.WsdlGroovyScriptTestStep.run(WsdlGroovyScriptTestStep.java:141)
   	at com.eviware.soapui.impl.wsdl.support.AbstractTestCaseRunner.runTestStep(AbstractTestCaseRunner.java:211)
   	at com.eviware.soapui.impl.wsdl.testcase.WsdlTestCaseRunner.runCurrentTestStep(WsdlTestCaseRunner.java:47)
   	at com.eviware.soapui.impl.wsdl.support.AbstractTestCaseRunner.internalRun(AbstractTestCaseRunner.java:138)
   	at com.eviware.soapui.impl.wsdl.support.AbstractTestCaseRunner.internalRun(AbstractTestCaseRunner.java:46)
   	at com.eviware.soapui.impl.wsdl.support.AbstractTestRunner.run(AbstractTestRunner.java:128)
   	at java.util.concurrent.Executors$RunnableAdapter.call(Unknown Source)
   	at java.util.concurrent.FutureTask.run(Unknown Source)
   	at java.util.concurrent.ThreadPoolExecutor.runWorker(Unknown Source)
   	at java.util.concurrent.ThreadPoolExecutor$Worker.run(Unknown Source)
   	at java.lang.Thread.run(Unknown Source)
   Caused by: Script2.groovy:15:79: expecting EOF, found ':'
   	at groovyjarjarantlr.Parser.match(Parser.java:211)
   	at org.codehaus.groovy.antlr.parser.GroovyRecognizer.compilationUnit(GroovyRecognizer.java:783)
   	at org.codehaus.groovy.antlr.AntlrParserPlugin.transformCSTIntoAST(AntlrParserPlugin.java:134)
   	... 26 more
   1 error
   	at org.codehaus.groovy.control.ErrorCollector.failIfErrors(ErrorCollector.java:310)
   	at org.codehaus.groovy.control.ErrorCollector.addFatalError(ErrorCollector.java:150)
   	at org.codehaus.groovy.control.ErrorCollector.addError(ErrorCollector.java:120)
   	at org.codehaus.groovy.control.ErrorCollector.addError(ErrorCollector.java:132)
   	at org.codehaus.groovy.control.SourceUnit.addError(SourceUnit.java:360)
   	at org.codehaus.groovy.antlr.AntlrParserPlugin.transformCSTIntoAST(AntlrParserPlugin.java:145)
   	at org.codehaus.groovy.antlr.AntlrParserPlugin.parseCST(AntlrParserPlugin.java:111)
   	at org.codehaus.groovy.control.SourceUnit.parse(SourceUnit.java:237)
   	at org.codehaus.groovy.control.CompilationUnit$1.call(CompilationUnit.java:167)
   	at org.codehaus.groovy.control.CompilationUnit.applyToSourceUnits(CompilationUnit.java:931)
   	at org.codehaus.groovy.control.CompilationUnit.doPhaseOperation(CompilationUnit.java:593)
   	at org.codehaus.groovy.control.CompilationUnit.processPhaseOperations(CompilationUnit.java:569)
   	at org.codehaus.groovy.control.CompilationUnit.compile(CompilationUnit.java:546)
   	at groovy.lang.GroovyClassLoader.doParseClass(GroovyClassLoader.java:298)
   	at groovy.lang.GroovyClassLoader.parseClass(GroovyClassLoader.java:268)
   	at groovy.lang.GroovyShell.parseClass(GroovyShell.java:694)
   	at groovy.lang.GroovyShell.parse(GroovyShell.java:706)
   	at groovy.lang.GroovyShell.parse(GroovyShell.java:742)
   	at groovy.lang.GroovyShell.parse(GroovyShell.java:733)
   	at com.eviware.soapui.support.scripting.groovy.SoapUIGroovyScriptEngine.compile(SoapUIGroovyScriptEngine.java:136)
   	at com.eviware.soapui.support.scripting.groovy.SoapUIGroovyScriptEngine.run(SoapUIGroovyScriptEngine.java:87)
   	at com.eviware.soapui.impl.wsdl.teststeps.WsdlGroovyScriptTestStep.run(WsdlGroovyScriptTestStep.java:141)
   	at com.eviware.soapui.impl.wsdl.support.AbstractTestCaseRunner.runTestStep(AbstractTestCaseRunner.java:211)
   	at com.eviware.soapui.impl.wsdl.testcase.WsdlTestCaseRunner.runCurrentTestStep(WsdlTestCaseRunner.java:47)
   	at com.eviware.soapui.impl.wsdl.support.AbstractTestCaseRunner.internalRun(AbstractTestCaseRunner.java:138)
   	at com.eviware.soapui.impl.wsdl.support.AbstractTestCaseRunner.internalRun(AbstractTestCaseRunner.java:46)
   	at com.eviware.soapui.impl.wsdl.support.AbstractTestRunner.run(AbstractTestRunner.java:128)
   	at java.util.concurrent.Executors$RunnableAdapter.call(Unknown Source)
   	at java.util.concurrent.FutureTask.run(Unknown Source)
   	at java.util.concurrent.ThreadPoolExecutor.runWorker(Unknown Source)
   	at java.util.concurrent.ThreadPoolExecutor$Worker.run(Unknown Source)
   	at java.lang.Thread.run(Unknown Source)
